# ==========================================
# 🧬 QUAD VAULT SYNCHRONIZATION LOG
# TUYUL FX ULTIMATE HYBRID AGI v6.0r∞
# Protocol: RBP_v3.0+ (Adaptive Reflective Meta-Sync)
# ==========================================

sync_history:

	- cycle_id: "RFXC-20260103-001"
		timestamp: "2026-01-03T00:00:00Z"
		reflective_phase: "Mid Expansion"
		pairs_processed: ["EURUSD", "GBPUSD", "XAUUSD"]
		sync_type: "Auto Reflective Sync"
		executor: "ReflectiveDaemon_v6.0r∞"
		modules_involved:
			- HybridReflectiveBridgeManager
			- ReflectiveEvolutionEngine_v6
			- REE_Adaptive_Driver
			- JournalVault_Audit
		vault_sync_status:
			hybrid_vault: "OK"
			fx_vault: "OK"
			kartel_vault: "OK"
			journal_vault: "OK"
			meta_layer: "Synced"
		metrics:
			average_integrity: 0.972
			reflective_coherence: 0.957
			drift_gradient: 0.004
			trq3d_energy_mean: 1.813
			reflective_intensity: 1.79
		integrity_status: "Stable"
		meta_feedback: "Completed"
		notes: "Full coherence across all vaults. α–β–γ stable within drift tolerance."
		next_sync: "2026-01-03T01:00:00Z"

	- cycle_id: "RFXC-20260102-024"
		timestamp: "2026-01-02T23:00:00Z"
		reflective_phase: "Early Expansion"
		pairs_processed: ["EURUSD", "XAUUSD"]
		sync_type: "Manual Reflective Sync"
		executor: "TuyulBot_Local"
		vault_sync_status:
			hybrid_vault: "OK"
			fx_vault: "OK"
			kartel_vault: "OK"
			journal_vault: "Pending"
			meta_layer: "Degraded"
		metrics:
			average_integrity: 0.954
			reflective_coherence: 0.935
			drift_gradient: 0.011
			trq3d_energy_mean: 1.732
			reflective_intensity: 1.68
		integrity_status: "Warning"
		meta_feedback: "Partial"
		notes: "Minor desync detected in Journal Vault. Auto recalibration triggered."
		next_sync: "2026-01-03T00:00:00Z"

	- cycle_id: "RFXC-20260102-023"
		timestamp: "2026-01-02T22:00:00Z"
		reflective_phase: "Transition"
		pairs_processed: ["GBPUSD"]
		sync_type: "Auto Reflective Sync"
		executor: "ReflectiveDaemon_v6.0r∞"
		vault_sync_status:
			hybrid_vault: "OK"
			fx_vault: "OK"
			kartel_vault: "OK"
			journal_vault: "OK"
			meta_layer: "Synced"
		metrics:
			average_integrity: 0.970
			reflective_coherence: 0.953
			drift_gradient: 0.003
			trq3d_energy_mean: 1.801
			reflective_intensity: 1.77
		integrity_status: "Stable"
		meta_feedback: "Completed"
		notes: "System stable. Vault resonance fully aligned."
		next_sync: "2026-01-02T23:00:00Z"
